To do
匿名モード作る


ver 2.4.3  15:02 2014/08/06 (水)
金クリアの後に青クリアするとundefinedを吐くバグ修正
configに設定を出力するように

ver 2.4.2  13:53 2014/08/06 (水)
せっかくアニメーションをOFFにしているので入替えのアニメーションを消した

ver 2.4.1  11:55 2014/08/06 (水)
保存できているのにできていないと出るバグ修正

ver 2.4.0  11:44 2014/08/06 (水)
on/offをON/OFFに
file.jsに全てのtry/catchを移行

ver 2.3.9  11:08 2014/08/06 (水)
アニメーション稼働中にボタンを押せなくした

ver 2.3.8  20:40 2014/08/05 (火)
アニメーションをオン・オフできるように

ver 2.3.7  16:08 2014/08/05 (火)
アニメーションが書けた -- 16:09 2014/08/05 (火)
アニメーションがマージできてフラグで分岐できるように -- 16:28 2014/08/05 (火)

ver 2.3.6  17:18 2014/08/04 (月)
case-insensitiveに対応
これに伴いデータの移行が必要

ver 2.3.5  14:19 2014/08/04 (月)
破損データに対応できた気がする

ver 2.3.4  13:40 2014/08/04 (月)
ログイン画面でEnterキーを押すとタイトルに戻されるバグを解決

ver 2.3.3  13:17 2014/08/04 (月)
初プレイのアカウントでLoadすると落ちていたのを対策

ver 2.3.2  17:57 2014/06/03 (火)
自動的にロードするようにした
バグも多分治った

ver 2.3.1   3:21 2014/06/03 (火)
ログイン画面が出来た
関係ない人が同じ名前を使ってしまうと乗っ取られる仕様の穴があるが
そしてデザインが酷いが

ver 2.3.0  17:46 2014/05/20 (火)
ファイルアクセスができたのであとはユーザー入力を作ればよい

ver 2.2.9  17:34 2014/05/13 (火)
バグ修正

ver 2.2.8  22:41 2014/05/12 (月)
ロードできた

ver 2.2.7  13:27 2014/05/05 (月)
オートプレイ機構改良

ver 2.2.6   8:15 2014/05/05 (月)
オートプレイ機構（笑）完成

ver 2.2.5   6:08 2014/05/05 (月)
セーブデータロード機構完成
後はオートプレイ機構を作るのみ

ver 2.2.4  13:52 2014/05/03 (土)
セーブデータロード直前のGUIまでを完成

ver 2.2.3  17:21 2014/05/01 (木)
シングルインスタンスバグ（エディタと本体を同時起動できない）を修正
そしてLIFOEDITという名前に

ver 2.2.2  17:17 2014/04/28 (月)
エディタのGUIをわずかに改良した他、エディタのアイコンも作成
割と気に入ったアイコンになった
作成したステージを本編で遊べるようにできたりしたら面白いというIceSlimeさんからの助言

ver 2.2.1  17:20 2014/04/15（火）
stageeditor作成
ただしGUI最悪

ver 2.2.0  10:26 2014/02/24 (月)
半年の眠りから覚め開発復帰

ver 1.10.2 2013/09/08　3:45
一部のキーをロック

ver 1.10.1 2013/09/07　22:50
LIFOSKLADクリックで著作権表示

ver 1.10.0 2013/09/07　22:09
フォーカスを封じて処理速度を高めた

ver 1.9.9 2013/09/07　16:26
隠しステージには金ヒントがないことを正当化

ver 1.9.8 2013/09/07　15:56
金ヒントの存在を説明

ver 1.9.7 2013/09/07　15:36
アイコン変更

ver 1.9.6 2013/09/07　14:11
金ヒント作成

ver 1.9.5 2013/09/07　13:23
開いただけでプレイヤーを記録する。　

ver 1.9.4 2013/09/06　22:33
保存場所変更

ver 1.9.3 2013/09/06　22:20
プレイヤーIDを決めた
ファイル内に手数だけでなくIDも表示

ver 1.9.2 2013/09/06　22:04
ステージ番号だけでなくステージもファイル名に追加

ver 1.9.1 2013/09/06　21:14
isHided→isHidden
 
ver 1.9.0 2013/09/05　17:14
タイトル画面追加と説明改善

ver 1.8.0 2013/09/05　17:05
重複バグ修正キタ━━━━━━━━━━━(・∀・)━━━━━━━━!

ver 1.7.7 2013/09/04　23:05
入替えの説明に間違いがあったので修正

ver 1.7.6 2013/09/04　20:13
1.7.5の修正ミスを修正

ver 1.7.5 2013/09/04　17:23
二度遊べるようになる不具合修正

ver 1.7.4 2013/09/04　15:37
STACK→LIFOSKLAD
スタッフクレジットの変更
色の凡例追加

ver 1.7.3 2013/09/03　16:48
タイトルをつけた

ver 1.7.2 2013/09/02　21:50
閉じるボタンを作った

ver 1.7.1 2013/09/02　21:29
死にコードを消した

ver 1.7.0 2013/09/02　21:12
フォーカスバグ解決キタ━━━━━━━━━━━(・∀・)━━━━━━━━!

ver 1.6.8 2013/09/02　20:43
開発用特殊機能をコード上からコメントアウト。

ver 1.6.7　2013/09/02　20:38
保存するテキスト名を変更。可読性を高めた。
あと今回からログの時間を日本表記で。

ver 1.6.6 5:20 PM 9/2/2013
ステージが増えてることを表示。

ver 1.6.5 4:55 PM 9/2/2013
開祖国Tをクリアしてチュートリアルに戻ってステージ選択するとステージが増えてるよ！

ver 1.6.4 4:28 PM 9/2/2013
ちょｗｗｗｗｗｗextend.jsインポートしてないしｗｗｗｗｗｗｗｗｗ
互換が保ててないじゃん。まあいいや。

ver 1.6.3 4:07 PM 9/2/2013
チュートリアルに戻れるようにした

ver 1.6.2 3:40 PM 9/2/2013
IEのバージョンアップによるサイズを修正


ver 1.6.1 6:49 PM 8/25/2013
マゼンダの後に金を取ると金になるバグ修正
mode.js,relo.jsへの参照（死んでいた）をコメントアウト

ver 1.6.0 6:39 PM 8/25/2013
stagedat.jsを分離
これによりステージと本体の開発を分ける
そしてstagedat.jsと同ディレクトリにextend.jsを採用し、
stagedat.jsのフォーマットなどが変わってもextend.jsで対応できるように。

ver 1.5.5 3:50 PM 8/22/2013
入れ替え中に「一手戻る」でバグる不具合を修正(「一手戻る」と「やり直す」を禁止状態に)
ステージは増えたが正式採用しておらずコメントアウト中(4.6に)
長い間無名のS,TCTK,Aに「旧魔王」を採用

ver 1.5.4 10:50 AM 8/22/2013
Level13 13手→12手
攻撃 22手→19手
Level29 26→25
開祖国T 32→31
4.5に

ver 1.5.3 9:47 PM 8/10/2013
Level3とLevel4の間にステージ追加 4.4

ver 1.5.2 8:32 PM 8/7/2013
堅い坂30→29 4.3

ver 1.5.1 3:19 PM 8/7/2013
スタッフクレジットと作K者20→18 4.2

ver 1.5.0 2:32 PM 8/7/2013
ファイル入出力機能を完成

ver 1.4.4 0:14 PM 8/7/2013
stagedatの難易度詐称を修正
undefined生成方法を封印
海岸Kがなぜか27手になっていたのを28手に変更
逆 29手→23手
硬い坂　31手→30手
青熱く 26手→25手
猫訊き　26手→24手→21手
開祖国T　37手→32手
4.1に

ver 1.4.3 2:08 PM 8/5/2013
作者に勝ったらマゼンタ
CSS軽量化
stagedat.jsそのものの説明を追加し4.0に

ver 1.4.2 1:41 PM 8/5/2013
チュートリアルをDOMにしスクショの数を削減

ver 1.4.1 0:32 PM 8/5/2013
開祖国Tを38手から37手にしてstageversionを3.9に繰り上げ

ver 1.4.0 5:31 PM 8/4/2013
デザインとチュートリアルを大幅変更

ver 1.3.16 4:09 PM 8/3/2013
「攻撃」24→22
猫訊き　27→26
仕事投げ 32→23(よってかなり降格)

ver 1.3.15 3:10 PM 8/3/2013
作K者が23手→20手

ver 1.3.14 2:53 PM 8/3/2013
ノルマに達した時とそうでないときにクリア表示を変えた

ver 1.3.13 2:12 PM 8/3/2013
海岸Kが28手に!!!
stage-version 3.7

ver 1.3.12 1:12 PM 8/3/2013
stage-versionを3.6に
ステージを増やし、コメントも増量

ver 1.3.11 11:10 AM 8/3/2013
stage-version 3.5に
手順とコメントの間に空行を挿入して読みやすく
～手目が詰まっていて読みにくいのを修正

ver 1.3.10 10:35 AM 8/3/2013
Level 13(旧黒幕)が19手に
よってstage-version 3.4に

ver 1.3.9 8:30 PM 8/2/2013
手数、あだ名、コメント機能追加

ver 1.3.8 8:09 PM 8/2/2013
大丈夫か→キャンセル→閉じる
という深刻なバグ修正

ver 1.3.7 4:49 PM 8/2/2013
ス移動「移動出来ません」カウントバグ駆除成功
stage-version 3.2

ver 1.3.6 4:13 PM 8/2/2013
ステージ番号をプレイ中に表示

ver 1.3.5 4:07 PM 8/2/2013
Level 8 11手→10手
Level 9 12手→11手
Level 12 14手→12手
Level 14 25手→24手
Level 18 33手→26手

ver 1.3.4 3:08 PM 8/2/2013
最後の手順もログ出力、しようとして失敗
alert(10手でクリア)とかを出す

ver 1.3.3 2:40 PM 8/2/2013
6個以上を廃止。
ステージを3.1に。

ver 1.3.2 2:15 PM 8/2/2013 
手数を数えた。ステージ選択に戻る、をリンクに。

ver 1.3.1 2:08 PM 8/2/2013
stage version 3.0

ver 1.3.0 1:35 PM 8/2/2013
クリアしたものに印をつけた

ver 1.2.9 1:03 PM 8/2/2013
ボタンをCSSにした

ver 1.2.8 11:57 AM 8/2/2013
ステージのバージョンを2.7へ

ver 1.2.7 11:05 AM 8/2/2013
書式変換を分けた

ver 1.2.6 11:01 AM 8/2/2013
stagedat.jsのデータの書式変更
エンコードも揃えた

ver 1.2.5 10:23 AM 8/2/2013
配布版でも説明を飛ばせるようにした

ver 1.2.4 9:57 AM 8/2/2013
「最初から始める」→「ステージをやり直す」
さらに説明の追加とスクショの撮り直し
そして配布モードで右クリック→更新　を廃止→contextReloadフラグで管理

ver 1.2.1 5:32 PM 8/1/2013
リスタートボタンを設置

ver 1.2.0 5:08 PM 8/1/2013
操作していないのに大丈夫か聞かれる不具合修正

ver 1.1.9 3:26 PM 8/1/2013
1.1.8の修正による不具合の修正
lastMoveとpopKeeperがlogで怪しいが放置

ver 1.1.8
lastMoveとpopKeeperの初期化を忘れていた

ver 1.1.7 3:10 PM 8/1/2013
手順をメモりました

ver 1.1.6　2:50 PM 8/1/2013
trialでondblclickで終了、を廃止
終了ボタン新設

ver 1.1.5 2:36 PM 8/1/2013
スタックが空の時に「皿へ移動」→「一手戻す」undefinedデータの生成防止
あとtrialでlog生成

ver 1.1.4 2:16 PM 8/1/2013
皿が空の時に「皿へ移動」→「一手戻す」undefinedデータの生成防止

ver 1.1.3 2:05 PM 8/1/2013
「皿からコピー」→移動出来ません
を一手戻せるバグを修正

ver 1.1.2 1:57 PM 8/1/2013
mode.jsをstack外に置くことで配布時にデバッグモードになるのを防いだ

ver 1.1.1 1:48 PM 8/1/2013
mode.js分離&htaのversionを修正

ver 1.1.0 1:40 PM 8/1/2013
Undo機能完成！！！
お祝いにバージョンアップ

ver 1.0.4 1:30 PM 8/1/2013
一手戻す機能を3/4実装

ver 1.0.3.2 1:23 PM 8/1/2013
stagedat.jsの参照を忘れるというまさかのバグを直した

ver 1.0.3 1:11 PM 8/1/2013
一手戻す機能を半分実装
あと操作をcontrol.jsに分離
ステージデータをstagedat.jsに分離

ver 1.0.2 11:49 AM 8/1/2013
デバッグモードで始めるときにはRED&BIGで注意喚起

ver 1.0.1 11:38 AM 8/1/2013
面倒なバグが露見(スタック入れ替えバグ)：青が左の状態でステージを終了してメニューに戻るとバグる。
→red_is_leftの真偽が狂っていたことが判明。修正。

ver 1.0.0 11:15 AM 8/1/2013
クリア判定完成

ver 0.9.9 10:43 AM 8/1/2013
苦肉の策で一時中断を廃止
大丈夫かconfirm追加

ver 0.9.8 10:21 AM 8/1/2013
値渡しに変更
evalだが、大丈夫だ問題ない
ただしそうすると一時中断ができなくなるのでそこも直さねば

ver 0.9.7 9:52 PM 7/16/2013
操作と説明の両方の機能を実装。

